<?xml version="1.0" encoding="UTF-8"?>
<!-- Generated by org.testng.reporters.JUnitReportReporter -->
<testsuite hostname="DESKTOP-ESQOKII" failures="0" tests="1" name="Tesla.openBrowser" time="10.236" errors="0" timestamp="2023-06-18T04:23:33 EDT" skipped="0">
  <testcase classname="Tesla.openBrowser" name="homePageWithThreeSlidersOnly" time="10.236"/>
  <system-out/>
</testsuite> <!-- Tesla.openBrowser -->
